2026.02.05_17:42:07			[96mINFO[0m [master] Service started at 39499
2026.02.05_17:42:07 [90m[47mwrapper.go:65[0m	[37mDEBG[0m [master] connect to Redis on: 39499
2026.02.05_17:42:07			[96mINFO[0m [master] add task logger
2026.02.05_17:42:07			[96mINFO[0m [master] add task worker1
2026.02.05_17:42:07			[96mINFO[0m [master] add task worker2
2026.02.05_17:42:07			[96mINFO[0m [master] add task worker3
2026.02.05_17:42:07			[96mINFO[0m [master] start Dispatcher Checker
2026.02.05_17:42:07 [90m[47mdispatcher.go:193[0m	[37mDEBG[0m [master] 


################################
				[master]  logger	(Must: false;	InProgress false;	Current: false)
				[master]  worker1	(Must: true;	InProgress false;	Current: false)
				[master]  worker2	(Must: false;	InProgress false;	Current: false)
				[master]  worker3	(Must: false;	InProgress false;	Current: false)

2026.02.05_17:42:07 [90m[47mtask.go:123[0m	[93mWARN[0m [task] logger err: [task] logger not launched 
2026.02.05_17:42:07 [90m[47mtask.go:255[0m	[37mDEBG[0m [task] logger already stopped
2026.02.05_17:42:07 [90m[47mdispatcher.go:199[0m	[37mDEBG[0m [master] some tasks still in work; daemon not ready to exit
2026.02.05_17:42:07			[96mINFO[0m [task] starting worker1 in progress...
2026.02.05_17:42:07			[96mINFO[0m [master] task worker1 - looping enable main task logger
2026.02.05_17:42:07			[96mINFO[0m [task] logger - enabled
2026.02.05_17:42:07 [90m[47mdispatcher.go:285[0m	[37mDEBG[0m [master] 
				[master]  worker3	(Must: false;	InProgress false;	Current: false)
				[master]  logger	(Must: true;	InProgress false;	Current: false)
				[master]  worker1	(Must: true;	InProgress false;	Current: false)
				[master]  worker2	(Must: false;	InProgress false;	Current: false)

################################



2026.02.05_17:42:17 [90m[47mdispatcher.go:193[0m	[37mDEBG[0m [master] 


################################
				[master]  logger	(Must: true;	InProgress false;	Current: false)
				[master]  worker1	(Must: true;	InProgress false;	Current: false)
				[master]  worker2	(Must: false;	InProgress false;	Current: false)
				[master]  worker3	(Must: false;	InProgress false;	Current: false)

2026.02.05_17:42:17 [90m[47mdispatcher.go:199[0m	[37mDEBG[0m [master] some tasks still in work; daemon not ready to exit
2026.02.05_17:42:17			[96mINFO[0m [task] starting worker1 in progress...
2026.02.05_17:42:17 [90m[47mdispatcher.go:160[0m	[37mDEBG[0m [master] task logger - ready to work
2026.02.05_17:42:17			[96mINFO[0m [master] task logger - launch
2026.02.05_17:42:17 [90m[47mtask.go:123[0m	[93mWARN[0m [task] logger err: [task] logger not launched 
2026.02.05_17:42:17 [90m[47mtask.go:255[0m	[37mDEBG[0m [task] logger already stopped
2026.02.05_17:42:17			[96mINFO[0m [task] Up logger by address /proc/self/fd/9 []
2026.02.05_17:42:17 [90m[47mtask.go:115[0m	[37mDEBG[0m [task] logger got pid 2599163
2026.02.05_17:42:17 [90m[47mdispatcher.go:285[0m	[37mDEBG[0m [master] 
				[master]  logger	(Must: true;	InProgress true;	Current: false)
				[master]  worker1	(Must: true;	InProgress false;	Current: false)
				[master]  worker2	(Must: false;	InProgress false;	Current: false)
				[master]  worker3	(Must: false;	InProgress false;	Current: false)

################################



2026.02.05_17:42:17 [90m[47mdispatcher.go:107[0m	[37mDEBG[0m [master] GOT: launched logger
2026.02.05_17:42:17			[96mINFO[0m [task] logger started
2026.02.05_17:42:27 [90m[47mdispatcher.go:193[0m	[37mDEBG[0m [master] 


################################
				[master]  logger	(Must: true;	InProgress false;	Current: true)
				[master]  worker1	(Must: true;	InProgress false;	Current: false)
				[master]  worker2	(Must: false;	InProgress false;	Current: false)
				[master]  worker3	(Must: false;	InProgress false;	Current: false)

2026.02.05_17:42:27 [90m[47mdispatcher.go:199[0m	[37mDEBG[0m [master] some tasks still in work; daemon not ready to exit
2026.02.05_17:42:27 [90m[47mdispatcher.go:160[0m	[37mDEBG[0m [master] task logger - ready to work
2026.02.05_17:42:27 [90m[47mdispatcher.go:160[0m	[37mDEBG[0m [master] task worker1 - ready to work
2026.02.05_17:42:27			[96mINFO[0m [master] task worker1 - launch
2026.02.05_17:42:27 [90m[47mtask.go:123[0m	[93mWARN[0m [task] worker1 err: [task] worker1 not launched 
2026.02.05_17:42:27 [90m[47mtask.go:255[0m	[37mDEBG[0m [task] worker1 already stopped
2026.02.05_17:42:27			[96mINFO[0m [task] Up worker1 by address /proc/self/fd/12 []
2026.02.05_17:42:27 [90m[47mtask.go:115[0m	[37mDEBG[0m [task] worker1 got pid 2599240
2026.02.05_17:42:27 [90m[47mdispatcher.go:285[0m	[37mDEBG[0m [master] 
				[master]  logger	(Must: true;	InProgress false;	Current: true)
				[master]  worker1	(Must: true;	InProgress true;	Current: false)
				[master]  worker2	(Must: false;	InProgress false;	Current: false)
				[master]  worker3	(Must: false;	InProgress false;	Current: false)

################################



2026.02.05_17:42:27 [90m[47mdispatcher.go:107[0m	[37mDEBG[0m [master] GOT: launched worker1
2026.02.05_17:42:27			[96mINFO[0m [task] worker1 started
2026.02.05_17:42:37 [90m[47mdispatcher.go:193[0m	[37mDEBG[0m [master] 


################################
				[master]  logger	(Must: true;	InProgress false;	Current: true)
				[master]  worker1	(Must: true;	InProgress false;	Current: true)
				[master]  worker2	(Must: false;	InProgress false;	Current: false)
				[master]  worker3	(Must: false;	InProgress false;	Current: false)

2026.02.05_17:42:37 [90m[47mdispatcher.go:199[0m	[37mDEBG[0m [master] some tasks still in work; daemon not ready to exit
2026.02.05_17:42:37 [90m[47mdispatcher.go:160[0m	[37mDEBG[0m [master] task logger - ready to work
2026.02.05_17:42:37 [90m[47mdispatcher.go:160[0m	[37mDEBG[0m [master] task worker1 - ready to work
2026.02.05_17:42:37 [90m[47mdispatcher.go:285[0m	[37mDEBG[0m [master] 
				[master]  logger	(Must: true;	InProgress false;	Current: true)
				[master]  worker1	(Must: true;	InProgress false;	Current: true)
				[master]  worker2	(Must: false;	InProgress false;	Current: false)
				[master]  worker3	(Must: false;	InProgress false;	Current: false)

################################



2026.02.05_17:42:37 [90m[47mdispatcher.go:107[0m	[37mDEBG[0m [master] GOT: start worker2
2026.02.05_17:42:37			[96mINFO[0m [task] worker2 - enabled
2026.02.05_17:42:37 [90m[47mdispatcher.go:107[0m	[37mDEBG[0m [master] GOT: stopped worker1
2026.02.05_17:42:37			[96mINFO[0m [task] worker1 stopped
2026.02.05_17:42:37			[96mINFO[0m [task] worker1 process finished successfully
2026.02.05_17:42:37 [90m[47mtask.go:255[0m	[37mDEBG[0m [task] worker1 already stopped
2026.02.05_17:42:47 [90m[47mdispatcher.go:193[0m	[37mDEBG[0m [master] 


################################
				[master]  worker2	(Must: true;	InProgress false;	Current: false)
				[master]  worker3	(Must: false;	InProgress false;	Current: false)
				[master]  logger	(Must: true;	InProgress false;	Current: true)
				[master]  worker1	(Must: true;	InProgress false;	Current: false)

2026.02.05_17:42:47 [90m[47mtask.go:123[0m	[93mWARN[0m [task] worker3 err: [task] worker3 not launched 
2026.02.05_17:42:47 [90m[47mtask.go:255[0m	[37mDEBG[0m [task] worker3 already stopped
2026.02.05_17:42:47 [90m[47mdispatcher.go:199[0m	[37mDEBG[0m [master] some tasks still in work; daemon not ready to exit
2026.02.05_17:42:47 [90m[47mdispatcher.go:160[0m	[37mDEBG[0m [master] task worker1 - ready to work
2026.02.05_17:42:47			[96mINFO[0m [master] task worker1 - launch
2026.02.05_17:42:47 [90m[47mtask.go:123[0m	[93mWARN[0m [task] worker1 err: [task] worker1 not launched 
2026.02.05_17:42:47 [90m[47mtask.go:255[0m	[37mDEBG[0m [task] worker1 already stopped
2026.02.05_17:42:47			[96mINFO[0m [task] Up worker1 by address /proc/self/fd/12 []
2026.02.05_17:42:47 [90m[47mtask.go:115[0m	[37mDEBG[0m [task] worker1 got pid 2599395
2026.02.05_17:42:47 [90m[47mdispatcher.go:160[0m	[37mDEBG[0m [master] task worker2 - ready to work
2026.02.05_17:42:47			[96mINFO[0m [master] task worker2 - launch
2026.02.05_17:42:47 [90m[47mdispatcher.go:107[0m	[37mDEBG[0m [master] GOT: launched worker1
2026.02.05_17:42:47			[96mINFO[0m [task] worker1 started
2026.02.05_17:42:47 [90m[47mtask.go:123[0m	[93mWARN[0m [task] worker2 err: [task] worker2 not launched 
2026.02.05_17:42:47 [90m[47mtask.go:255[0m	[37mDEBG[0m [task] worker2 already stopped
2026.02.05_17:42:47			[96mINFO[0m [task] Up worker2 by address /proc/self/fd/12 []
2026.02.05_17:42:47 [90m[47mtask.go:115[0m	[37mDEBG[0m [task] worker2 got pid 2599404
2026.02.05_17:42:47 [90m[47mdispatcher.go:160[0m	[37mDEBG[0m [master] task logger - ready to work
2026.02.05_17:42:47 [90m[47mdispatcher.go:285[0m	[37mDEBG[0m [master] 
				[master]  worker3	(Must: false;	InProgress false;	Current: false)
				[master]  logger	(Must: true;	InProgress false;	Current: true)
				[master]  worker1	(Must: true;	InProgress false;	Current: true)
				[master]  worker2	(Must: true;	InProgress true;	Current: false)

################################



2026.02.05_17:42:47 [90m[47mdispatcher.go:107[0m	[37mDEBG[0m [master] GOT: launched worker2
2026.02.05_17:42:47			[96mINFO[0m [task] worker2 started
2026.02.05_17:42:57 [90m[47mdispatcher.go:193[0m	[37mDEBG[0m [master] 


################################
				[master]  logger	(Must: true;	InProgress false;	Current: true)
				[master]  worker1	(Must: true;	InProgress false;	Current: true)
				[master]  worker2	(Must: true;	InProgress false;	Current: true)
				[master]  worker3	(Must: false;	InProgress false;	Current: false)

2026.02.05_17:42:57 [90m[47mdispatcher.go:199[0m	[37mDEBG[0m [master] some tasks still in work; daemon not ready to exit
2026.02.05_17:42:57 [90m[47mdispatcher.go:160[0m	[37mDEBG[0m [master] task logger - ready to work
2026.02.05_17:42:57 [90m[47mdispatcher.go:160[0m	[37mDEBG[0m [master] task worker1 - ready to work
2026.02.05_17:42:57 [90m[47mdispatcher.go:160[0m	[37mDEBG[0m [master] task worker2 - ready to work
2026.02.05_17:42:57 [90m[47mdispatcher.go:285[0m	[37mDEBG[0m [master] 
				[master]  logger	(Must: true;	InProgress false;	Current: true)
				[master]  worker1	(Must: true;	InProgress false;	Current: true)
				[master]  worker2	(Must: true;	InProgress false;	Current: true)
				[master]  worker3	(Must: false;	InProgress false;	Current: false)

################################



2026.02.05_17:42:57 [90m[47mdispatcher.go:107[0m	[37mDEBG[0m [master] GOT: start worker2
2026.02.05_17:42:57 [90m[47mtask.go:204[0m	[37mDEBG[0m [task] worker2 already runned
2026.02.05_17:42:57 [90m[47mdispatcher.go:107[0m	[37mDEBG[0m [master] GOT: stopped worker1
2026.02.05_17:42:57			[96mINFO[0m [task] worker1 stopped
2026.02.05_17:42:57			[96mINFO[0m [task] worker1 process finished successfully
2026.02.05_17:42:57 [90m[47mtask.go:255[0m	[37mDEBG[0m [task] worker1 already stopped
2026.02.05_17:43:07 [90m[47mdispatcher.go:193[0m	[37mDEBG[0m [master] 


################################
				[master]  logger	(Must: true;	InProgress false;	Current: true)
				[master]  worker1	(Must: true;	InProgress false;	Current: false)
				[master]  worker2	(Must: true;	InProgress false;	Current: true)
				[master]  worker3	(Must: false;	InProgress false;	Current: false)

2026.02.05_17:43:07 [90m[47mdispatcher.go:199[0m	[37mDEBG[0m [master] some tasks still in work; daemon not ready to exit
2026.02.05_17:43:07 [90m[47mdispatcher.go:160[0m	[37mDEBG[0m [master] task logger - ready to work
2026.02.05_17:43:07 [90m[47mdispatcher.go:160[0m	[37mDEBG[0m [master] task worker1 - ready to work
2026.02.05_17:43:07			[96mINFO[0m [master] task worker1 - launch
2026.02.05_17:43:07 [90m[47mtask.go:123[0m	[93mWARN[0m [task] worker1 err: [task] worker1 not launched 
2026.02.05_17:43:07 [90m[47mtask.go:255[0m	[37mDEBG[0m [task] worker1 already stopped
2026.02.05_17:43:07			[96mINFO[0m [task] Up worker1 by address /proc/self/fd/14 []
2026.02.05_17:43:07 [90m[47mtask.go:115[0m	[37mDEBG[0m [task] worker1 got pid 2599557
2026.02.05_17:43:07 [90m[47mdispatcher.go:160[0m	[37mDEBG[0m [master] task worker2 - ready to work
2026.02.05_17:43:07 [90m[47mdispatcher.go:285[0m	[37mDEBG[0m [master] 
				[master]  worker3	(Must: false;	InProgress false;	Current: false)
				[master]  logger	(Must: true;	InProgress false;	Current: true)
				[master]  worker1	(Must: true;	InProgress true;	Current: false)
				[master]  worker2	(Must: true;	InProgress false;	Current: true)

################################



2026.02.05_17:43:07 [90m[47mdispatcher.go:107[0m	[37mDEBG[0m [master] GOT: launched worker1
2026.02.05_17:43:07			[96mINFO[0m [task] worker1 started
2026.02.05_17:43:17 [90m[47mdispatcher.go:107[0m	[37mDEBG[0m [master] GOT: start worker3
2026.02.05_17:43:17			[96mINFO[0m [task] worker3 - enabled
2026.02.05_17:43:17 [90m[47mdispatcher.go:107[0m	[37mDEBG[0m [master] GOT: stopped worker2
2026.02.05_17:43:17			[96mINFO[0m [task] worker2 stopped
2026.02.05_17:43:17			[96mINFO[0m [task] worker2 process finished successfully
2026.02.05_17:43:17 [90m[47mtask.go:255[0m	[37mDEBG[0m [task] worker2 already stopped
2026.02.05_17:43:17 [90m[47mdispatcher.go:193[0m	[37mDEBG[0m [master] 


################################
				[master]  logger	(Must: true;	InProgress false;	Current: true)
				[master]  worker1	(Must: true;	InProgress false;	Current: true)
				[master]  worker2	(Must: true;	InProgress false;	Current: false)
				[master]  worker3	(Must: true;	InProgress false;	Current: false)

2026.02.05_17:43:17 [90m[47mdispatcher.go:199[0m	[37mDEBG[0m [master] some tasks still in work; daemon not ready to exit
2026.02.05_17:43:17 [90m[47mdispatcher.go:160[0m	[37mDEBG[0m [master] task worker2 - ready to work
2026.02.05_17:43:17			[96mINFO[0m [master] task worker2 - launch
2026.02.05_17:43:17 [90m[47mtask.go:123[0m	[93mWARN[0m [task] worker2 err: [task] worker2 not launched 
2026.02.05_17:43:17 [90m[47mtask.go:255[0m	[37mDEBG[0m [task] worker2 already stopped
2026.02.05_17:43:17			[96mINFO[0m [task] Up worker2 by address /proc/self/fd/12 []
2026.02.05_17:43:17 [90m[47mtask.go:115[0m	[37mDEBG[0m [task] worker2 got pid 2599638
2026.02.05_17:43:17 [90m[47mdispatcher.go:160[0m	[37mDEBG[0m [master] task worker3 - ready to work
2026.02.05_17:43:17			[96mINFO[0m [master] task worker3 - launch
2026.02.05_17:43:17 [90m[47mdispatcher.go:107[0m	[37mDEBG[0m [master] GOT: start worker2
2026.02.05_17:43:17			[96mINFO[0m [task] starting worker2 in progress...
2026.02.05_17:43:17 [90m[47mdispatcher.go:107[0m	[37mDEBG[0m [master] GOT: stopped worker1
2026.02.05_17:43:17			[96mINFO[0m [task] worker1 stopped
2026.02.05_17:43:17			[96mINFO[0m [task] worker1 process finished successfully
2026.02.05_17:43:17 [90m[47mtask.go:255[0m	[37mDEBG[0m [task] worker1 already stopped
2026.02.05_17:43:17 [90m[47mdispatcher.go:107[0m	[37mDEBG[0m [master] GOT: launched worker2
2026.02.05_17:43:17			[96mINFO[0m [task] worker2 started
2026.02.05_17:43:17 [90m[47mtask.go:123[0m	[93mWARN[0m [task] worker3 err: [task] worker3 not launched 
2026.02.05_17:43:17 [90m[47mtask.go:255[0m	[37mDEBG[0m [task] worker3 already stopped
2026.02.05_17:43:17			[96mINFO[0m [task] Up worker3 by address /proc/self/fd/12 []
2026.02.05_17:43:17 [90m[47mtask.go:115[0m	[37mDEBG[0m [task] worker3 got pid 2599646
2026.02.05_17:43:17 [90m[47mdispatcher.go:160[0m	[37mDEBG[0m [master] task logger - ready to work
2026.02.05_17:43:17 [90m[47mdispatcher.go:160[0m	[37mDEBG[0m [master] task worker1 - ready to work
2026.02.05_17:43:17			[96mINFO[0m [master] task worker1 - launch
2026.02.05_17:43:17 [90m[47mdispatcher.go:107[0m	[37mDEBG[0m [master] GOT: launched worker3
2026.02.05_17:43:17			[96mINFO[0m [task] worker3 started
2026.02.05_17:43:17 [90m[47mtask.go:123[0m	[93mWARN[0m [task] worker1 err: [task] worker1 not launched 
2026.02.05_17:43:17 [90m[47mtask.go:255[0m	[37mDEBG[0m [task] worker1 already stopped
2026.02.05_17:43:17			[96mINFO[0m [task] Up worker1 by address /proc/self/fd/12 []
2026.02.05_17:43:17 [90m[47mtask.go:115[0m	[37mDEBG[0m [task] worker1 got pid 2599654
2026.02.05_17:43:17 [90m[47mdispatcher.go:285[0m	[37mDEBG[0m [master] 
				[master]  logger	(Must: true;	InProgress false;	Current: true)
				[master]  worker1	(Must: true;	InProgress true;	Current: false)
				[master]  worker2	(Must: true;	InProgress false;	Current: true)
				[master]  worker3	(Must: true;	InProgress false;	Current: true)

################################



2026.02.05_17:43:17 [90m[47mdispatcher.go:107[0m	[37mDEBG[0m [master] GOT: launched worker1
2026.02.05_17:43:17			[96mINFO[0m [task] worker1 started
2026.02.05_17:43:27 [90m[47mdispatcher.go:193[0m	[37mDEBG[0m [master] 


################################
				[master]  logger	(Must: true;	InProgress false;	Current: true)
				[master]  worker1	(Must: true;	InProgress false;	Current: true)
				[master]  worker2	(Must: true;	InProgress false;	Current: true)
				[master]  worker3	(Must: true;	InProgress false;	Current: true)

2026.02.05_17:43:27 [90m[47mdispatcher.go:199[0m	[37mDEBG[0m [master] some tasks still in work; daemon not ready to exit
2026.02.05_17:43:27 [90m[47mdispatcher.go:160[0m	[37mDEBG[0m [master] task logger - ready to work
2026.02.05_17:43:27 [90m[47mdispatcher.go:160[0m	[37mDEBG[0m [master] task worker1 - ready to work
2026.02.05_17:43:27 [90m[47mdispatcher.go:160[0m	[37mDEBG[0m [master] task worker2 - ready to work
2026.02.05_17:43:27 [90m[47mdispatcher.go:160[0m	[37mDEBG[0m [master] task worker3 - ready to work
2026.02.05_17:43:27 [90m[47mdispatcher.go:285[0m	[37mDEBG[0m [master] 
				[master]  logger	(Must: true;	InProgress false;	Current: true)
				[master]  worker1	(Must: true;	InProgress false;	Current: true)
				[master]  worker2	(Must: true;	InProgress false;	Current: true)
				[master]  worker3	(Must: true;	InProgress false;	Current: true)

################################



2026.02.05_17:43:27 [90m[47mdispatcher.go:107[0m	[37mDEBG[0m [master] GOT: start worker2
2026.02.05_17:43:27 [90m[47mtask.go:204[0m	[37mDEBG[0m [task] worker2 already runned
2026.02.05_17:43:27 [90m[47mdispatcher.go:107[0m	[37mDEBG[0m [master] GOT: stopped worker1
2026.02.05_17:43:27			[96mINFO[0m [task] worker1 stopped
2026.02.05_17:43:27			[96mINFO[0m [task] worker1 process finished successfully
2026.02.05_17:43:27 [90m[47mtask.go:255[0m	[37mDEBG[0m [task] worker1 already stopped
2026.02.05_17:43:37 [90m[47mdispatcher.go:193[0m	[37mDEBG[0m [master] 


################################
				[master]  worker1	(Must: true;	InProgress false;	Current: false)
				[master]  worker2	(Must: true;	InProgress false;	Current: true)
				[master]  worker3	(Must: true;	InProgress false;	Current: true)
				[master]  logger	(Must: true;	InProgress false;	Current: true)

2026.02.05_17:43:37 [90m[47mdispatcher.go:199[0m	[37mDEBG[0m [master] some tasks still in work; daemon not ready to exit
2026.02.05_17:43:37 [90m[47mdispatcher.go:160[0m	[37mDEBG[0m [master] task worker2 - ready to work
2026.02.05_17:43:37 [90m[47mdispatcher.go:160[0m	[37mDEBG[0m [master] task worker3 - ready to work
2026.02.05_17:43:37 [90m[47mdispatcher.go:160[0m	[37mDEBG[0m [master] task logger - ready to work
2026.02.05_17:43:37 [90m[47mdispatcher.go:160[0m	[37mDEBG[0m [master] task worker1 - ready to work
2026.02.05_17:43:37			[96mINFO[0m [master] task worker1 - launch
2026.02.05_17:43:37 [90m[47mtask.go:123[0m	[93mWARN[0m [task] worker1 err: [task] worker1 not launched 
2026.02.05_17:43:37 [90m[47mtask.go:255[0m	[37mDEBG[0m [task] worker1 already stopped
2026.02.05_17:43:37			[96mINFO[0m [task] Up worker1 by address /proc/self/fd/12 []
2026.02.05_17:43:37 [90m[47mtask.go:115[0m	[37mDEBG[0m [task] worker1 got pid 2599805
2026.02.05_17:43:37 [90m[47mdispatcher.go:285[0m	[37mDEBG[0m [master] 
				[master]  worker3	(Must: true;	InProgress false;	Current: true)
				[master]  logger	(Must: true;	InProgress false;	Current: true)
				[master]  worker1	(Must: true;	InProgress true;	Current: false)
				[master]  worker2	(Must: true;	InProgress false;	Current: true)

################################



2026.02.05_17:43:37 [90m[47mdispatcher.go:107[0m	[37mDEBG[0m [master] GOT: launched worker1
2026.02.05_17:43:37			[96mINFO[0m [task] worker1 started
2026.02.05_17:43:47 [90m[47mdispatcher.go:107[0m	[37mDEBG[0m [master] GOT: start worker3
2026.02.05_17:43:47 [90m[47mtask.go:204[0m	[37mDEBG[0m [task] worker3 already runned
2026.02.05_17:43:47 [90m[47mdispatcher.go:107[0m	[37mDEBG[0m [master] GOT: stopped worker2
2026.02.05_17:43:47			[96mINFO[0m [task] worker2 stopped
2026.02.05_17:43:47			[96mINFO[0m [task] worker2 process finished successfully
2026.02.05_17:43:47 [90m[47mtask.go:255[0m	[37mDEBG[0m [task] worker2 already stopped
2026.02.05_17:43:47 [90m[47mdispatcher.go:193[0m	[37mDEBG[0m [master] 


################################
				[master]  logger	(Must: true;	InProgress false;	Current: true)
				[master]  worker1	(Must: true;	InProgress false;	Current: true)
				[master]  worker2	(Must: true;	InProgress false;	Current: false)
				[master]  worker3	(Must: true;	InProgress false;	Current: true)

2026.02.05_17:43:47 [90m[47mdispatcher.go:199[0m	[37mDEBG[0m [master] some tasks still in work; daemon not ready to exit
2026.02.05_17:43:47 [90m[47mdispatcher.go:160[0m	[37mDEBG[0m [master] task logger - ready to work
2026.02.05_17:43:47 [90m[47mdispatcher.go:160[0m	[37mDEBG[0m [master] task worker1 - ready to work
2026.02.05_17:43:47 [90m[47mdispatcher.go:160[0m	[37mDEBG[0m [master] task worker2 - ready to work
2026.02.05_17:43:47			[96mINFO[0m [master] task worker2 - launch
2026.02.05_17:43:47 [90m[47mdispatcher.go:107[0m	[37mDEBG[0m [master] GOT: start worker2
2026.02.05_17:43:47			[96mINFO[0m [task] starting worker2 in progress...
2026.02.05_17:43:47 [90m[47mdispatcher.go:107[0m	[37mDEBG[0m [master] GOT: stopped worker1
2026.02.05_17:43:47			[96mINFO[0m [task] worker1 stopped
2026.02.05_17:43:47 [90m[47mtask.go:123[0m	[93mWARN[0m [task] worker2 err: [task] worker2 not launched 
2026.02.05_17:43:47 [90m[47mtask.go:255[0m	[37mDEBG[0m [task] worker2 already stopped
2026.02.05_17:43:47			[96mINFO[0m [task] Up worker2 by address /proc/self/fd/14 []
2026.02.05_17:43:47			[96mINFO[0m [task] worker1 process finished successfully
2026.02.05_17:43:47 [90m[47mtask.go:255[0m	[37mDEBG[0m [task] worker1 already stopped
2026.02.05_17:43:47 [90m[47mtask.go:115[0m	[37mDEBG[0m [task] worker2 got pid 2599885
2026.02.05_17:43:47 [90m[47mdispatcher.go:160[0m	[37mDEBG[0m [master] task worker3 - ready to work
2026.02.05_17:43:47 [90m[47mdispatcher.go:285[0m	[37mDEBG[0m [master] 
				[master]  logger	(Must: true;	InProgress false;	Current: true)
				[master]  worker1	(Must: true;	InProgress false;	Current: false)
				[master]  worker2	(Must: true;	InProgress true;	Current: false)
				[master]  worker3	(Must: true;	InProgress false;	Current: true)

################################



2026.02.05_17:43:47 [90m[47mdispatcher.go:107[0m	[37mDEBG[0m [master] GOT: launched worker2
2026.02.05_17:43:47			[96mINFO[0m [task] worker2 started
2026.02.05_17:43:57 [90m[47mdispatcher.go:193[0m	[37mDEBG[0m [master] 


################################
				[master]  logger	(Must: true;	InProgress false;	Current: true)
				[master]  worker1	(Must: true;	InProgress false;	Current: false)
				[master]  worker2	(Must: true;	InProgress false;	Current: true)
				[master]  worker3	(Must: true;	InProgress false;	Current: true)

2026.02.05_17:43:57 [90m[47mdispatcher.go:199[0m	[37mDEBG[0m [master] some tasks still in work; daemon not ready to exit
2026.02.05_17:43:57 [90m[47mdispatcher.go:160[0m	[37mDEBG[0m [master] task worker1 - ready to work
2026.02.05_17:43:57			[96mINFO[0m [master] task worker1 - launch
2026.02.05_17:43:57 [90m[47mtask.go:123[0m	[93mWARN[0m [task] worker1 err: [task] worker1 not launched 
2026.02.05_17:43:57 [90m[47mtask.go:255[0m	[37mDEBG[0m [task] worker1 already stopped
2026.02.05_17:43:57			[96mINFO[0m [task] Up worker1 by address /proc/self/fd/15 []
2026.02.05_17:43:57 [90m[47mtask.go:115[0m	[37mDEBG[0m [task] worker1 got pid 2599978
2026.02.05_17:43:57 [90m[47mdispatcher.go:160[0m	[37mDEBG[0m [master] task worker2 - ready to work
2026.02.05_17:43:57 [90m[47mdispatcher.go:160[0m	[37mDEBG[0m [master] task worker3 - ready to work
2026.02.05_17:43:57 [90m[47mdispatcher.go:160[0m	[37mDEBG[0m [master] task logger - ready to work
2026.02.05_17:43:57 [90m[47mdispatcher.go:285[0m	[37mDEBG[0m [master] 
				[master]  worker2	(Must: true;	InProgress false;	Current: true)
				[master]  worker3	(Must: true;	InProgress false;	Current: true)
				[master]  logger	(Must: true;	InProgress false;	Current: true)
				[master]  worker1	(Must: true;	InProgress true;	Current: false)

################################



2026.02.05_17:43:57 [90m[47mdispatcher.go:107[0m	[37mDEBG[0m [master] GOT: launched worker1
2026.02.05_17:43:57			[96mINFO[0m [task] worker1 started
2026.02.05_17:44:07 [90m[47mdispatcher.go:107[0m	[37mDEBG[0m [master] GOT: stop logger
2026.02.05_17:44:07 [90m[47mdispatcher.go:119[0m	[91mALRT[0m [master] start recurcive stopping tasks from logger
2026.02.05_17:44:07			[96mINFO[0m [task] logger - disabled
2026.02.05_17:44:07 [90m[47mwrapper.go:153[0m	[37mDEBG[0m [master] Send to service logger: get status
2026.02.05_17:44:07			[96mINFO[0m [task] logger exist by pid 2599163
2026.02.05_17:44:07			[96mINFO[0m [task] try stop logger by pid 2599163; reminder No0
2026.02.05_17:44:07			[96mINFO[0m [task] logger reminder No1 before killed
2026.02.05_17:44:07			[96mINFO[0m [master] task logger - looping stop children task worker3
2026.02.05_17:44:07			[96mINFO[0m [task] worker3 - disabled
2026.02.05_17:44:07 [90m[47mwrapper.go:153[0m	[37mDEBG[0m [master] Send to service worker3: get status
2026.02.05_17:44:07			[96mINFO[0m [task] worker3 exist by pid 2599646
2026.02.05_17:44:07			[96mINFO[0m [task] try stop worker3 by pid 2599646; reminder No0
2026.02.05_17:44:07			[96mINFO[0m [task] worker3 reminder No1 before killed
2026.02.05_17:44:07			[96mINFO[0m [master] task logger - looping stop children task worker1
2026.02.05_17:44:07			[96mINFO[0m [task] worker1 - disabled
2026.02.05_17:44:07 [90m[47mwrapper.go:153[0m	[37mDEBG[0m [master] Send to service worker1: get status
2026.02.05_17:44:07			[96mINFO[0m [task] worker1 exist by pid 2599978
2026.02.05_17:44:07			[96mINFO[0m [task] try stop worker1 by pid 2599978; reminder No0
2026.02.05_17:44:07			[96mINFO[0m [task] worker1 reminder No1 before killed
2026.02.05_17:44:07			[96mINFO[0m [master] task logger - looping stop children task worker2
2026.02.05_17:44:07			[96mINFO[0m [task] worker2 - disabled
2026.02.05_17:44:07 [90m[47mwrapper.go:153[0m	[37mDEBG[0m [master] Send to service worker2: get status
2026.02.05_17:44:07			[96mINFO[0m [task] worker2 exist by pid 2599885
2026.02.05_17:44:07			[96mINFO[0m [task] try stop worker2 by pid 2599885; reminder No0
2026.02.05_17:44:07			[96mINFO[0m [task] worker2 reminder No1 before killed
2026.02.05_17:44:07 [90m[47mdispatcher.go:107[0m	[37mDEBG[0m [master] GOT: stopped worker3
2026.02.05_17:44:07			[96mINFO[0m [task] worker3 stopped
2026.02.05_17:44:07 [90m[47mtask.go:103[0m	[93mWARN[0m [task] worker3 process finished with error: context canceled
2026.02.05_17:44:07 [90m[47mtask.go:255[0m	[37mDEBG[0m [task] worker3 already stopped
2026.02.05_17:44:07 [90m[47mtask.go:103[0m	[93mWARN[0m [task] logger process finished with error: signal: killed
2026.02.05_17:44:07			[96mINFO[0m [task] logger stopped
2026.02.05_17:44:07 [90m[47mtask.go:103[0m	[93mWARN[0m [task] worker1 process finished with error: signal: killed
2026.02.05_17:44:07			[96mINFO[0m [task] worker1 stopped
2026.02.05_17:44:07 [90m[47mtask.go:103[0m	[93mWARN[0m [task] worker2 process finished with error: signal: killed
2026.02.05_17:44:07			[96mINFO[0m [task] worker2 stopped
2026.02.05_17:44:07 [90m[47mdispatcher.go:193[0m	[37mDEBG[0m [master] 


################################
				[master]  logger	(Must: false;	InProgress false;	Current: false)
				[master]  worker1	(Must: false;	InProgress false;	Current: false)
				[master]  worker2	(Must: false;	InProgress false;	Current: false)
				[master]  worker3	(Must: false;	InProgress false;	Current: false)

2026.02.05_17:44:07 [90m[47mtask.go:123[0m	[93mWARN[0m [task] logger err: [task] logger not launched 
2026.02.05_17:44:07 [90m[47mtask.go:255[0m	[37mDEBG[0m [task] logger already stopped
2026.02.05_17:44:07 [90m[47mtask.go:123[0m	[93mWARN[0m [task] worker1 err: [task] worker1 not launched 
2026.02.05_17:44:07 [90m[47mtask.go:255[0m	[37mDEBG[0m [task] worker1 already stopped
2026.02.05_17:44:07 [90m[47mtask.go:123[0m	[93mWARN[0m [task] worker2 err: [task] worker2 not launched 
2026.02.05_17:44:07 [90m[47mtask.go:255[0m	[37mDEBG[0m [task] worker2 already stopped
2026.02.05_17:44:07 [90m[47mtask.go:123[0m	[93mWARN[0m [task] worker3 err: [task] worker3 not launched 
2026.02.05_17:44:07 [90m[47mtask.go:255[0m	[37mDEBG[0m [task] worker3 already stopped
2026.02.05_17:44:07 [90m[47mdispatcher.go:214[0m	[93mWARN[0m [master] Gracefull shutdown application
