2026.02.05_17:43:17			[96mINFO[0m [worker3] Service started at 39499
2026.02.05_17:43:17 [90m[47mwrapper.go:65[0m	[37mDEBG[0m [worker3] connect to Redis on: 39499
2026.02.05_17:43:17 [90m[47mwrapper.go:163[0m	[37mDEBG[0m [worker3] Send to Master launched worker3, try count: 3
2026.02.05_17:43:17 [90m[47mwrapper.go:153[0m	[37mDEBG[0m [worker3] Send to service master: launched worker3
2026.02.05_17:43:17 [90m[47mwrapper.go:153[0m	[37mDEBG[0m [worker3] Send to service logger: worker3:msg-0
2026.02.05_17:43:22 [90m[47mwrapper.go:153[0m	[37mDEBG[0m [worker3] Send to service logger: worker3:msg-1
2026.02.05_17:43:27 [90m[47mwrapper.go:153[0m	[37mDEBG[0m [worker3] Send to service logger: worker3:msg-2
2026.02.05_17:43:32 [90m[47mwrapper.go:153[0m	[37mDEBG[0m [worker3] Send to service logger: worker3:msg-3
2026.02.05_17:43:37 [90m[47mwrapper.go:153[0m	[37mDEBG[0m [worker3] Send to service logger: worker3:msg-4
2026.02.05_17:43:42 [90m[47mwrapper.go:153[0m	[37mDEBG[0m [worker3] Send to service logger: worker3:msg-5
2026.02.05_17:43:47 [90m[47mwrapper.go:153[0m	[37mDEBG[0m [worker3] Send to service logger: worker3:msg-6
2026.02.05_17:43:52 [90m[47mwrapper.go:153[0m	[37mDEBG[0m [worker3] Send to service logger: worker3:msg-7
2026.02.05_17:43:57 [90m[47mwrapper.go:153[0m	[37mDEBG[0m [worker3] Send to service logger: worker3:msg-8
2026.02.05_17:44:02 [90m[47mwrapper.go:153[0m	[37mDEBG[0m [worker3] Send to service logger: worker3:msg-9
2026.02.05_17:44:07 [90m[47mwrapper.go:153[0m	[37mDEBG[0m [worker3] Send to service logger: worker3:msg-10
2026.02.05_17:44:07 [90m[47mwrapper.go:163[0m	[37mDEBG[0m [worker3] Send to Master stop logger, try count: 3
2026.02.05_17:44:07 [90m[47mwrapper.go:153[0m	[37mDEBG[0m [worker3] Send to service master: stop logger
2026.02.05_17:44:07 [90m[47mmain.go:45[0m	[93mWARN[0m [worker3] End task by timeout
2026.02.05_17:44:07 [90m[47mwrapper.go:163[0m	[37mDEBG[0m [worker3] Send to Master stopped worker3, try count: 3
2026.02.05_17:44:07 [90m[47mwrapper.go:153[0m	[37mDEBG[0m [worker3] Send to service master: stopped worker3
